
 Ansys Mechanical Enterprise Academic Student      


 *------------------------------------------------------------------*
 |                                                                  |
 |   W E L C O M E   T O   T H E   A N S Y S (R)  P R O G R A M     |
 |                                                                  |
 *------------------------------------------------------------------*




 ***************************************************************
 *         ANSYS MAPDL 2022 R2          LEGAL NOTICES          *
 ***************************************************************
 *                                                             *
 * Copyright 1971-2022 Ansys, Inc.  All rights reserved.       *
 * Unauthorized use, distribution or duplication is            *
 * prohibited.                                                 *
 *                                                             *
 * Ansys is a registered trademark of Ansys, Inc. or its       *
 * subsidiaries in the United States or other countries.       *
 * See the Ansys, Inc. online documentation or the Ansys, Inc. *
 * documentation CD or online help for the complete Legal      *
 * Notice.                                                     *
 *                                                             *
 ***************************************************************
 *                                                             *
 * THIS ANSYS SOFTWARE PRODUCT AND PROGRAM DOCUMENTATION       *
 * INCLUDE TRADE SECRETS AND CONFIDENTIAL AND PROPRIETARY      *
 * PRODUCTS OF ANSYS, INC., ITS SUBSIDIARIES, OR LICENSORS.    *
 * The software products and documentation are furnished by    *
 * Ansys, Inc. or its subsidiaries under a software license    *
 * agreement that contains provisions concerning               *
 * non-disclosure, copying, length and nature of use,          *
 * compliance with exporting laws, warranties, disclaimers,    *
 * limitations of liability, and remedies, and other           *
 * provisions.  The software products and documentation may be *
 * used, disclosed, transferred, or copied only in accordance  *
 * with the terms and conditions of that software license      *
 * agreement.                                                  *
 *                                                             *
 * Ansys, Inc. is a UL registered                              *
 * ISO 9001:2015 company.                                      *
 *                                                             *
 ***************************************************************
 *                                                             *
 * This product is subject to U.S. laws governing export and   *
 * re-export.                                                  *
 *                                                             *
 * For U.S. Government users, except as specifically granted   *
 * by the Ansys, Inc. software license agreement, the use,     *
 * duplication, or disclosure by the United States Government  *
 * is subject to restrictions stated in the Ansys, Inc.        *
 * software license agreement and FAR 12.212 (for non-DOD      *
 * licenses).                                                  *
 *                                                             *
 ***************************************************************

 2022 R2 
     
 Point Releases and Patches installed:   
     
 Ansys, Inc. Products 2022 R2
 Autodyn 2022 R2 
 SpaceClaim 2022 R2  
 CFX (includes CFD-Post) 2022 R2 
 Chemkin 2022 R2 
 EnSight 2022 R2 
 FENSAP-ICE 2022 R2  
 Fluent (includes CFD-Post) 2022 R2  
 Polyflow (includes CFD-Post) 2022 R2
 Forte (includes EnSight) 2022 R2
 TurboGrid 2022 R2   
 Aqwa 2022 R2
 Mechanical Products 2022 R2 
 ACIS Geometry Interface 2022 R2 
 AutoCAD Geometry Interface 2022 R2  
 Catia, Version 4 Geometry Interface 2022 R2 
 Catia, Version 5 Geometry Interface 2022 R2 
 Catia, Version 6 Geometry Interface 2022 R2 
 Creo Elements/Direct Modeling Geometry Interface 2022 R2
 Creo Parametric Geometry Interface 2022 R2  
 Inventor Geometry Interface 2022 R2 
 JTOpen Geometry Interface 2022 R2   
 NX Geometry Interface 2022 R2   
 Parasolid Geometry Interface  2022 R2   
 Solid Edge Geometry Interface 2022 R2   
 SOLIDWORKS Geometry Interface 2022 R2   
 Academic Student 2022 R2


          *****  MAPDL COMMAND LINE ARGUMENTS  *****
  BATCH MODE REQUESTED (-b)    = NOLIST
  INPUT FILE COPY MODE (-c)    = COPY
  DISTRIBUTED MEMORY PARALLEL REQUESTED
       4 PARALLEL PROCESSES REQUESTED WITH SINGLE THREAD PER PROCESS
    TOTAL OF     4 CORES REQUESTED
  INPUT FILE NAME              = D:\Sneha\IIT\Assignments\_ProjectScratch\Scr27D9\dummy.dat
  OUTPUT FILE NAME             = D:\Sneha\IIT\Assignments\_ProjectScratch\Scr27D9\solve.out
  START-UP FILE MODE           = NOREAD
  STOP FILE MODE               = NOREAD

 RELEASE= 2022 R2              BUILD= 22.2      UP20220516   VERSION=WINDOWS x64 
 CURRENT JOBNAME=file0  18:22:48  SEP 24, 2022 CP=      0.078


 PARAMETER _DS_PROGRESS =     999.0000000    

 /INPUT FILE= ds.dat  LINE=       0



 *** NOTE ***                            CP =       0.250   TIME= 18:22:48
 The /CONFIG,NOELDB command is not valid in a distributed memory         
 parallel solution.  Command is ignored.                                 

 *GET  _WALLSTRT  FROM  ACTI  ITEM=TIME WALL  VALUE=  18.3800000    

 TITLE= 
 Beam_Analysis--Static Structural (A5)                                         

  ACT Extensions:
      LSDYNA, 2022.2
      5f463412-bd3e-484b-87e7-cbc0a665e474, wbex
 /COM,     ANSYSMotion, 2022.2
      20180725-3f81-49eb-9f31-41364844c769, wbex
 /COM,     AqwaLoadMapping, 2022.2
      4a217913-2035-4362-96b3-10d129d8ee46, wbex
  

 SET PARAMETER DIMENSIONS ON  _WB_PROJECTSCRATCH_DIR
  TYPE=STRI  DIMENSIONS=      248        1        1

 PARAMETER _WB_PROJECTSCRATCH_DIR(1) = D:\Sneha\IIT\Assignments\_ProjectScratch\Scr27D9\

 SET PARAMETER DIMENSIONS ON  _WB_SOLVERFILES_DIR
  TYPE=STRI  DIMENSIONS=      248        1        1

 PARAMETER _WB_SOLVERFILES_DIR(1) = D:\Sneha\IIT\Assignments\Beam_Analysis_files\dp0\SYS\MECH\

 SET PARAMETER DIMENSIONS ON  _WB_USERFILES_DIR
  TYPE=STRI  DIMENSIONS=      248        1        1

 PARAMETER _WB_USERFILES_DIR(1) = D:\Sneha\IIT\Assignments\Beam_Analysis_files\user_files\
 --- Data in consistent BIN units. See Solving Units in the help system for more

 U.S. CUSTOMARY INCH UNITS SPECIFIED FOR INTERNAL    
  LENGTH      = INCHES (IN)
  MASS        = LBF-S**2/IN 
  TIME        = SECONDS (SEC)  
  TEMPERATURE = FAHRENHEIT
  TOFFSET     = 460.0
  FORCE       = LBF
  HEAT        = IN-LBF
  PRESSURE    = PSI (LBF/IN**2)
  ENERGY      = IN-LBF
  POWER       = IN-LBF/SEC

 INPUT  UNITS ARE ALSO SET TO BIN 

 *** MAPDL - ENGINEERING ANALYSIS SYSTEM  RELEASE 2022 R2          22.2     ***
 Ansys Mechanical Enterprise Academic Student      
 00000000  VERSION=WINDOWS x64   18:22:48  SEP 24, 2022 CP=      0.250

 Beam_Analysis--Static Structural (A5)                                         



          ***** MAPDL ANALYSIS DEFINITION (PREP7) *****
 *********** Nodes for the whole assembly ***********
 *********** Nodes for all Remote Points ***********
 *********** Elements for Body 1 "Solid" ***********
 *********** Send User Defined Coordinate System(s) ***********
 *********** Set Reference Temperature ***********
 *********** Send Materials ***********
 ******* Constant Zero Displacement Y *******
 ******* Constant Zero Displacement Z *******
 *********** Create Remote Point "Internal Remote Point" ***********
 *********** Define Force Using Surface Effect Elements ***********
 *********** Define Force Using Surface Effect Elements ***********
 *********** Construct Remote Displacement ***********
 *** Create a component for all remote displacements ***


 ***** ROUTINE COMPLETED *****  CP =         0.453


 --- Number of total nodes = 6282
 --- Number of contact elements = 45
 --- Number of spring elements = 0
 --- Number of bearing elements = 0
 --- Number of solid elements = 1176
 --- Number of condensed parts = 0
 --- Number of total elements = 1222

 *GET  _WALLBSOL  FROM  ACTI  ITEM=TIME WALL  VALUE=  18.3800000    
 ****************************************************************************
 *************************    SOLUTION       ********************************
 ****************************************************************************

 *****  MAPDL SOLUTION ROUTINE  *****


 PERFORM A STATIC ANALYSIS
  THIS WILL BE A NEW ANALYSIS

 PARAMETER _THICKRATIO =     1.000000000    

 USE PRECONDITIONED CONJUGATE GRADIENT SOLVER
  CONVERGENCE TOLERANCE = 1.00000E-08
  MAXIMUM ITERATION     = NumNode*DofPerNode*  1.0000    

 CONTACT INFORMATION PRINTOUT LEVEL       1

 DO NOT COMBINE ELEMENT MATRIX FILES (.emat) AFTER DISTRIBUTED PARALLEL SOLUTION

 DO NOT COMBINE ELEMENT SAVE DATA FILES (.esav) AFTER DISTRIBUTED PARALLEL SOLUTION

 NLDIAG: Nonlinear diagnostics CONT option is set to ON. 
         Writing frequency : each ITERATION.

 DO NOT SAVE ANY RESTART FILES AT ALL
 ****************************************************
 ******************* SOLVE FOR LS 1 OF 1 ****************

 SELECT       FOR ITEM=TYPE COMPONENT=    
  IN RANGE         4 TO          4 STEP          1

          4  ELEMENTS (OF       1222  DEFINED) SELECTED BY  ESEL  COMMAND.

 SELECT      ALL NODES HAVING ANY ELEMENT IN ELEMENT SET.

          9 NODES (OF       6282  DEFINED) SELECTED FROM
        4 SELECTED ELEMENTS BY NSLE COMMAND.

 SPECIFIED SURFACE LOAD PRES FOR ALL SELECTED ELEMENTS  LKEY =  1   KVAL = 1
     VALUES =     0.0000         0.0000         0.0000         0.0000    

 SPECIFIED SURFACE LOAD PRES FOR ALL SELECTED ELEMENTS  LKEY =  2   KVAL = 1
     VALUES =    -2000.0        -2000.0        -2000.0        -2000.0    

 SPECIFIED SURFACE LOAD PRES FOR ALL SELECTED ELEMENTS  LKEY =  3   KVAL = 1
     VALUES =     0.0000         0.0000         0.0000         0.0000    

 SELECT       FOR ITEM=TYPE COMPONENT=    
  IN RANGE         5 TO          5 STEP          1

          4  ELEMENTS (OF       1222  DEFINED) SELECTED BY  ESEL  COMMAND.

 SELECT      ALL NODES HAVING ANY ELEMENT IN ELEMENT SET.

          9 NODES (OF       6282  DEFINED) SELECTED FROM
        4 SELECTED ELEMENTS BY NSLE COMMAND.

 SPECIFIED SURFACE LOAD PRES FOR ALL SELECTED ELEMENTS  LKEY =  1   KVAL = 1
     VALUES =     0.0000         0.0000         0.0000         0.0000    

 SPECIFIED SURFACE LOAD PRES FOR ALL SELECTED ELEMENTS  LKEY =  2   KVAL = 1
     VALUES =    -1000.0        -1000.0        -1000.0        -1000.0    

 SPECIFIED SURFACE LOAD PRES FOR ALL SELECTED ELEMENTS  LKEY =  3   KVAL = 1
     VALUES =     0.0000         0.0000         0.0000         0.0000    

 ALL SELECT   FOR ITEM=NODE COMPONENT=    
  IN RANGE         1 TO       6282 STEP          1

       6282  NODES (OF       6282  DEFINED) SELECTED BY NSEL  COMMAND.

 ALL SELECT   FOR ITEM=ELEM COMPONENT=    
  IN RANGE         1 TO       2203 STEP          1

       1222  ELEMENTS (OF       1222  DEFINED) SELECTED BY  ESEL  COMMAND.

 SPECIFIED CONSTRAINT UX   FOR SELECTED NODES         6282 TO        6282 BY           1
 REAL=  0.00000000       IMAG=  0.00000000    

 SPECIFIED CONSTRAINT UY   FOR SELECTED NODES         6282 TO        6282 BY           1
 REAL=  0.00000000       IMAG=  0.00000000    

 SPECIFIED CONSTRAINT UZ   FOR SELECTED NODES         6282 TO        6282 BY           1
 REAL=  0.00000000       IMAG=  0.00000000    

 SPECIFIED CONSTRAINT ROTX FOR SELECTED NODES         6282 TO        6282 BY           1
 REAL=  0.00000000       IMAG=  0.00000000    

 SPECIFIED CONSTRAINT ROTY FOR SELECTED NODES         6282 TO        6282 BY           1
 REAL=  0.00000000       IMAG=  0.00000000    

 PRINTOUT RESUMED BY /GOP

 USE       1 SUBSTEPS INITIALLY THIS LOAD STEP FOR ALL  DEGREES OF FREEDOM
 FOR AUTOMATIC TIME STEPPING:
   USE      1 SUBSTEPS AS A MAXIMUM
   USE      1 SUBSTEPS AS A MINIMUM

 TIME=  5.0000    

 ERASE THE CURRENT DATABASE OUTPUT CONTROL TABLE.


 WRITE ALL  ITEMS TO THE DATABASE WITH A FREQUENCY OF NONE
   FOR ALL APPLICABLE ENTITIES

 WRITE NSOL ITEMS TO THE DATABASE WITH A FREQUENCY OF ALL 
   FOR ALL APPLICABLE ENTITIES

 WRITE RSOL ITEMS TO THE DATABASE WITH A FREQUENCY OF ALL 
   FOR ALL APPLICABLE ENTITIES

 WRITE EANG ITEMS TO THE DATABASE WITH A FREQUENCY OF ALL 
   FOR ALL APPLICABLE ENTITIES

 WRITE ETMP ITEMS TO THE DATABASE WITH A FREQUENCY OF ALL 
   FOR ALL APPLICABLE ENTITIES

 WRITE VENG ITEMS TO THE DATABASE WITH A FREQUENCY OF ALL 
   FOR ALL APPLICABLE ENTITIES

 WRITE STRS ITEMS TO THE DATABASE WITH A FREQUENCY OF ALL 
   FOR ALL APPLICABLE ENTITIES

 WRITE EPEL ITEMS TO THE DATABASE WITH A FREQUENCY OF ALL 
   FOR ALL APPLICABLE ENTITIES

 WRITE EPPL ITEMS TO THE DATABASE WITH A FREQUENCY OF ALL 
   FOR ALL APPLICABLE ENTITIES

 WRITE CONT ITEMS TO THE DATABASE WITH A FREQUENCY OF ALL 
   FOR ALL APPLICABLE ENTITIES

 *GET  ANSINTER_  FROM  ACTI  ITEM=INT        VALUE=  0.00000000    

 *IF  ANSINTER_                         ( =   0.00000     )  NE  
      0                                 ( =   0.00000     )  THEN    

 *ENDIF

 *** NOTE ***                            CP =       0.562   TIME= 18:22:48
 The automatic domain decomposition logic has selected the MESH domain   
 decomposition method with 4 processes per solution.                     

 *****  MAPDL SOLVE    COMMAND  *****

 *** WARNING ***                         CP =       0.562   TIME= 18:22:48
 Element shape checking is currently inactive.  Issue SHPP,ON or         
 SHPP,WARN to reactivate, if desired.                                    

 *** NOTE ***                            CP =       0.859   TIME= 18:22:48
 The model data was checked and warning messages were found.             
  Please review output or errors file (                                  
 D:\Sneha\IIT\Assignments\_ProjectScratch\Scr27D9\file0.err ) for these  
 warning messages.                                                       

 *** SELECTION OF ELEMENT TECHNOLOGIES FOR APPLICABLE ELEMENTS ***
      --- GIVE SUGGESTIONS AND RESET THE KEY OPTIONS ---

 ELEMENT TYPE         1 IS SOLID186. KEYOPT(2)=0 IS SUGGESTED AND HAS BEEN RESET.
  KEYOPT(1-12)=    0    0    0    0    0    0    0    0    0    0    0    0



 *** MAPDL - ENGINEERING ANALYSIS SYSTEM  RELEASE 2022 R2          22.2     ***
 Ansys Mechanical Enterprise Academic Student      
 00000000  VERSION=WINDOWS x64   18:22:48  SEP 24, 2022 CP=      0.859

 Beam_Analysis--Static Structural (A5)                                         



                       S O L U T I O N   O P T I O N S

   PROBLEM DIMENSIONALITY. . . . . . . . . . . . .3-D                  
   DEGREES OF FREEDOM. . . . . . UX   UY   UZ   ROTX ROTY ROTZ
   ANALYSIS TYPE . . . . . . . . . . . . . . . . .STATIC (STEADY-STATE)
   OFFSET TEMPERATURE FROM ABSOLUTE ZERO . . . . .  459.67    
   EQUATION SOLVER OPTION. . . . . . . . . . . . .PCG                
      TOLERANCE. . . . . . . . . . . . . . . . . . 1.00000E-08
   GLOBALLY ASSEMBLED MATRIX . . . . . . . . . . .SYMMETRIC  

 *** WARNING ***                         CP =       0.859   TIME= 18:22:48
 Material number 4 (used by element 2196) should normally have at least  
 one MP or one TB type command associated with it.  Output of energy by  
 material may not be available.                                          

 *** NOTE ***                            CP =       0.859   TIME= 18:22:48
 The step data was checked and warning messages were found.              
  Please review output or errors file (                                  
 D:\Sneha\IIT\Assignments\_ProjectScratch\Scr27D9\file0.err ) for these  
 warning messages.                                                       

 *** NOTE ***                            CP =       0.969   TIME= 18:22:48
 Internal nodes from 6283 to 6283 are created.                           
 1 internal nodes are used for handling degrees of freedom on pilot      
 nodes of rigid target surfaces.                                         

 *** NOTE ***                            CP =       0.969   TIME= 18:22:48
 Internal nodes from 6283 to 6283 are created.                           
 1 internal nodes are used for handling degrees of freedom on pilot      
 nodes of rigid target surfaces.                                         

 *** NOTE ***                            CP =       1.016   TIME= 18:22:48
 Smoothing on certain contact nodes (e.g.1300) for pair ID 2 may have    
 accuracy issue.  Please verify face normal of connected elements.       

 *** NOTE ***                            CP =       1.016   TIME= 18:22:48
 Smoothing on certain contact nodes (e.g.1441) for pair ID 2 may have    
 accuracy issue.  Please verify face normal of connected elements.       

 *** NOTE ***                            CP =       1.016   TIME= 18:22:48
 Smoothing on certain contact nodes (e.g.1442) for pair ID 2 may have    
 accuracy issue.  Please verify face normal of connected elements.       

 *** NOTE ***                            CP =       1.016   TIME= 18:22:48
 Smoothing on certain contact nodes (e.g.1443) for pair ID 2 may have    
 accuracy issue.  Please verify face normal of connected elements.       

 *** NOTE ***                            CP =       1.016   TIME= 18:22:48
 Smoothing on certain contact nodes (e.g.1444) for pair ID 2 may have    
 accuracy issue.  Please verify face normal of connected elements.       

 *** NOTE ***                            CP =       1.016   TIME= 18:22:48
 Smoothing on certain contact nodes (e.g.5539) for pair ID 2 may have    
 accuracy issue.  Please verify face normal of connected elements.       

 *** NOTE ***                            CP =       1.016   TIME= 18:22:48
 Smoothing on certain contact nodes (e.g.5540) for pair ID 2 may have    
 accuracy issue.  Please verify face normal of connected elements.       

 *** NOTE ***                            CP =       1.016   TIME= 18:22:48
 Smoothing on certain contact nodes (e.g.5796) for pair ID 2 may have    
 accuracy issue.  Please verify face normal of connected elements.       

 *** NOTE ***                            CP =       1.016   TIME= 18:22:48
 Smoothing on certain contact nodes (e.g.5798) for pair ID 2 may have    
 accuracy issue.  Please verify face normal of connected elements.       

 *** NOTE ***                            CP =       1.016   TIME= 18:22:48
 Smoothing on certain contact nodes (e.g.5800) for pair ID 2 may have    
 accuracy issue.  Please verify face normal of connected elements.       

 *** NOTE ***                            CP =       1.016   TIME= 18:22:48
 Smoothing on certain contact nodes (e.g.5802) for pair ID 2 may have    
 accuracy issue.  Please verify face normal of connected elements.       

 *** NOTE ***                            CP =       1.094   TIME= 18:22:48
 Force-distributed-surface identified by real constant set 2 and         
 contact element type 2 has been set up.  The pilot node 6282 is used    
 to apply the force.  Internal MPC will be built.                        
 The used degrees of freedom set is  UX   UY   UZ   ROTX ROTY ROTZ
 Please verify constraints (including rotational degrees of freedom)
  on the pilot node by yourself.
 ****************************************
  
  
  

 *** NOTE ***                            CP =       1.141   TIME= 18:22:48
 Internal nodes from 6283 to 6283 are created.                           
 1 internal nodes are used for handling degrees of freedom on pilot      
 nodes of rigid target surfaces.                                         

  
  
     D I S T R I B U T E D   D O M A I N   D E C O M P O S E R
  
  ...Number of elements: 1222
  ...Number of nodes:    6283
  ...Decompose to 4 CPU domains
  ...Element load balance ratio =     1.010


                      L O A D   S T E P   O P T I O N S

   LOAD STEP NUMBER. . . . . . . . . . . . . . . .     1
   TIME AT END OF THE LOAD STEP. . . . . . . . . .  5.0000    
   NUMBER OF SUBSTEPS. . . . . . . . . . . . . . .     1
   STEP CHANGE BOUNDARY CONDITIONS . . . . . . . .    NO
   PRINT OUTPUT CONTROLS . . . . . . . . . . . . .NO PRINTOUT
   DATABASE OUTPUT CONTROLS
      ITEM     FREQUENCY   COMPONENT
       ALL       NONE               
      NSOL        ALL               
      RSOL        ALL               
      EANG        ALL               
      ETMP        ALL               
      VENG        ALL               
      STRS        ALL               
      EPEL        ALL               
      EPPL        ALL               
      CONT        ALL               


 SOLUTION MONITORING INFO IS WRITTEN TO FILE= file.mntr                                                                                                                                                                                                                                                           

 *** NOTE ***                            CP =       1.250   TIME= 18:22:48
 Smoothing on certain contact nodes (e.g.1300) for pair ID 2 may have    
 accuracy issue.  Please verify face normal of connected elements.       

 *** NOTE ***                            CP =       1.250   TIME= 18:22:48
 Smoothing on certain contact nodes (e.g.1441) for pair ID 2 may have    
 accuracy issue.  Please verify face normal of connected elements.       

 *** NOTE ***                            CP =       1.250   TIME= 18:22:48
 Smoothing on certain contact nodes (e.g.1442) for pair ID 2 may have    
 accuracy issue.  Please verify face normal of connected elements.       

 *** NOTE ***                            CP =       1.250   TIME= 18:22:48
 Smoothing on certain contact nodes (e.g.1443) for pair ID 2 may have    
 accuracy issue.  Please verify face normal of connected elements.       

 *** NOTE ***                            CP =       1.250   TIME= 18:22:48
 Smoothing on certain contact nodes (e.g.1444) for pair ID 2 may have    
 accuracy issue.  Please verify face normal of connected elements.       

 *** NOTE ***                            CP =       1.250   TIME= 18:22:48
 Smoothing on certain contact nodes (e.g.5539) for pair ID 2 may have    
 accuracy issue.  Please verify face normal of connected elements.       

 *** NOTE ***                            CP =       1.250   TIME= 18:22:48
 Smoothing on certain contact nodes (e.g.5540) for pair ID 2 may have    
 accuracy issue.  Please verify face normal of connected elements.       

 *** NOTE ***                            CP =       1.250   TIME= 18:22:48
 Smoothing on certain contact nodes (e.g.5796) for pair ID 2 may have    
 accuracy issue.  Please verify face normal of connected elements.       

 *** NOTE ***                            CP =       1.250   TIME= 18:22:48
 Smoothing on certain contact nodes (e.g.5798) for pair ID 2 may have    
 accuracy issue.  Please verify face normal of connected elements.       

 *** NOTE ***                            CP =       1.250   TIME= 18:22:48
 Smoothing on certain contact nodes (e.g.5800) for pair ID 2 may have    
 accuracy issue.  Please verify face normal of connected elements.       

 *** NOTE ***                            CP =       1.250   TIME= 18:22:48
 Smoothing on certain contact nodes (e.g.5802) for pair ID 2 may have    
 accuracy issue.  Please verify face normal of connected elements.       

 *** NOTE ***                            CP =       1.250   TIME= 18:22:48
 Force-distributed-surface identified by real constant set 2 and         
 contact element type 2 has been set up.  The pilot node 6282 is used    
 to apply the force.  Internal MPC will be built.                        
 The used degrees of freedom set is  UX   UY   UZ   ROTX ROTY ROTZ
 Please verify constraints (including rotational degrees of freedom)
  on the pilot node by yourself.
 ****************************************
  


 *** NOTE ***                            CP =       1.281   TIME= 18:22:49
 The PCG solver has automatically set the level of difficulty for this   
 model to 1.                                                             
  
 The FEA model contains 0 external CE equations and 6 internal CE        
 equations.                                                              

 Range of element maximum matrix coefficients in global coordinates
 Maximum = 20061909.5 at element 310.                                    
 Minimum = 20061909.3 at element 15.                                     

   *** ELEMENT MATRIX FORMULATION TIMES
     TYPE    NUMBER   ENAME      TOTAL CP  AVE CP

        1      1176  SOLID186      0.234   0.000199
        2        37  CONTA175      0.000   0.000000
        3         1  TARGE170      0.000   0.000000
        4         4  SURF156       0.000   0.000000
        5         4  SURF156       0.000   0.000000
 Time at end of element matrix formulation CP = 1.34375.                 
 Iteration=     5 Ratio=  0.242002     Limit=  1.000000E-08 Wall=     0.0
 Iteration=    50 Ratio=  5.848862E-04 Limit=  1.000000E-08 Wall=     0.1
 Iteration=   105 Ratio=  2.589720E-06 Limit=  1.000000E-08 Wall=     0.3

 DISTRIBUTED PCG SOLVER SOLUTION CONVERGED

 DISTRIBUTED PCG SOLVER SOLUTION STATISTICS

   NUMBER OF ITERATIONS=         149
   NUMBER OF EQUATIONS =       18855
   LEVEL OF CONVERGENCE=           1
   CALCULATED NORM     = 0.77466E-08
   SPECIFIED TOLERANCE = 0.10000E-07
   TOTAL CPU TIME (sec)=        0.41
   TOTAL WALL TIME(sec)=        0.64
   TOTAL MEMORY (GB)   =        0.01


   *** ELEMENT RESULT CALCULATION TIMES
     TYPE    NUMBER   ENAME      TOTAL CP  AVE CP

        1      1176  SOLID186      0.078   0.000066
        2        37  CONTA175      0.000   0.000000
        4         4  SURF156       0.000   0.000000
        5         4  SURF156       0.000   0.000000

   *** NODAL LOAD CALCULATION TIMES
     TYPE    NUMBER   ENAME      TOTAL CP  AVE CP

        1      1176  SOLID186      0.047   0.000040
        2        37  CONTA175      0.000   0.000000
        4         4  SURF156       0.000   0.000000
        5         4  SURF156       0.000   0.000000
 *** LOAD STEP     1   SUBSTEP     1  COMPLETED.    CUM ITER =      1
 *** TIME =   5.00000         TIME INC =   5.00000      NEW TRIANG MATRIX


 *** MAPDL BINARY FILE STATISTICS
  BUFFER SIZE USED= 16384
        0.125 MB WRITTEN ON ELEMENT MATRIX FILE: file0.emat
        0.500 MB WRITTEN ON ELEMENT SAVED DATA FILE: file0.esav
        0.688 MB WRITTEN ON RESULTS FILE: file0.rst
 *************** Write FE CONNECTORS *********

 WRITE OUT CONSTRAINT EQUATIONS TO FILE= file.ce                                                                                                                                                                                                                                                             
 ****************************************************
 *************** FINISHED SOLVE FOR LS 1 *************

 *GET  _WALLASOL  FROM  ACTI  ITEM=TIME WALL  VALUE=  18.3805556    

 PRINTOUT RESUMED BY /GOP

 *GET  _PCGITER  FROM  ACTI  ITEM=SOLU CGIT  VALUE=  149.000000    

 FINISH SOLUTION PROCESSING


 ***** ROUTINE COMPLETED *****  CP =         2.062



 *** MAPDL - ENGINEERING ANALYSIS SYSTEM  RELEASE 2022 R2          22.2     ***
 Ansys Mechanical Enterprise Academic Student      
 00000000  VERSION=WINDOWS x64   18:22:50  SEP 24, 2022 CP=      2.062

 Beam_Analysis--Static Structural (A5)                                         



          ***** MAPDL RESULTS INTERPRETATION (POST1) *****

 *** NOTE ***                            CP =       2.062   TIME= 18:22:50
 Reading results into the database (SET command) will update the current 
 displacement and force boundary conditions in the database with the     
 values from the results file for that load set.  Note that any          
 subsequent solutions will use these values unless action is taken to    
 either SAVE the current values or not overwrite them (/EXIT,NOSAVE).    

 Set Encoding of XML File to:ISO-8859-1

 Set Output of XML File to:
     PARM,     ,     ,     ,     ,     ,     ,     ,     ,     ,     ,     ,
         ,     ,     ,     ,     ,     ,     ,

 DATABASE WRITTEN ON FILE  parm.xml                                                                                                                                                                                                                                                            

 EXIT THE MAPDL POST1 DATABASE PROCESSOR


 ***** ROUTINE COMPLETED *****  CP =         2.062



 PRINTOUT RESUMED BY /GOP

 *GET  _WALLDONE  FROM  ACTI  ITEM=TIME WALL  VALUE=  18.3805556    

 PARAMETER _PREPTIME =     0.000000000    

 PARAMETER _SOLVTIME =     2.000000000    

 PARAMETER _POSTTIME =     0.000000000    

 PARAMETER _TOTALTIM =     2.000000000    

 *GET  _DLBRATIO  FROM  ACTI  ITEM=SOLU DLBR  VALUE=  1.00983607    

 *GET  _COMBTIME  FROM  ACTI  ITEM=SOLU COMB  VALUE= 0.751062000E-01

 *GET  _SSMODE   FROM  ACTI  ITEM=SOLU SSMM  VALUE=  0.00000000    

 *GET  _NDOFS    FROM  ACTI  ITEM=SOLU NDOF  VALUE=  18826.0000    

 *GET  _SOL_END_TIME  FROM  ACTI  ITEM=SET  TIME  VALUE=  5.00000000    

 *IF  _sol_end_time                     ( =   5.00000     )  EQ  
      5.000000                          ( =   5.00000     )  THEN    

 /FCLEAN COMMAND REMOVING ALL LOCAL FILES

 *ENDIF
 --- Total number of nodes = 6282
 --- Total number of elements = 1222
 --- Element load balance ratio = 1.00983607
 --- Time to combine distributed files = 7.51062E-02
 --- Sparse memory mode = 0
 --- Number of DOF = 18826

 EXIT MAPDL WITHOUT SAVING DATABASE


 NUMBER OF WARNING MESSAGES ENCOUNTERED=          2
 NUMBER OF ERROR   MESSAGES ENCOUNTERED=          0

+--------------------- M A P D L   S T A T I S T I C S ------------------------+

Release: 2022 R2            Build: 22.2       Update: UP20220516   Platform: WINDOWS x64 
Date Run: 09/24/2022   Time: 18:22     Process ID: 3288
Operating System: Windows 10  (Build: 19043)

Processor Model: Intel(R) Core(TM) i5-4440 CPU @ 3.10GHz

Compiler: Intel(R) Fortran Compiler Version 19.0.5  (Build: 20190815)
          Intel(R) C/C++ Compiler Version 19.0.5  (Build: 20190815)
          Intel(R) Math Kernel Library Version 2020.0.0 Product Build 20191125
          BLAS Library supplied by Intel(R) MKL

Number of machines requested            :    1
Total number of cores available         :    4
Number of physical cores available      :    4
Number of processes requested           :    4
Number of threads per process requested :    1
Total number of cores requested         :    4 (Distributed Memory Parallel)               
MPI Type: INTELMPI
MPI Version: Intel(R) MPI Library 2021.5 for Windows* OS


GPU Acceleration: Not Requested

Job Name: file0
Input File: dummy.dat

  Core                Machine Name   Working Directory
 -----------------------------------------------------
     0                      Athena   D:\Sneha\IIT\Assignments\_ProjectScratch\Scr27D9
     1                      Athena   D:\Sneha\IIT\Assignments\_ProjectScratch\Scr27D9
     2                      Athena   D:\Sneha\IIT\Assignments\_ProjectScratch\Scr27D9
     3                      Athena   D:\Sneha\IIT\Assignments\_ProjectScratch\Scr27D9
 
Latency time from master to core     1 =    7.130 microseconds
Latency time from master to core     2 =    7.347 microseconds
Latency time from master to core     3 =    7.147 microseconds
 
Communication speed from master to core     1 =  4934.92 MB/sec
Communication speed from master to core     2 =  2946.12 MB/sec
Communication speed from master to core     3 =  4557.13 MB/sec

Total CPU time for main thread                    :        1.5 seconds
Total CPU time summed for all threads             :        2.3 seconds

Elapsed time spent obtaining a license            :        0.3 seconds
Elapsed time spent pre-processing model (/PREP7)  :        0.1 seconds
Elapsed time spent solution - preprocessing       :        0.3 seconds
Elapsed time spent computing solution             :        1.6 seconds
Elapsed time spent solution - postprocessing      :        0.1 seconds
Elapsed time spent post-processing model (/POST1) :        0.0 seconds
 
Equation solver used                              :            PCG (symmetric)
Equation solver computational rate                :        5.2 Gflops

Sum of memory used on all processes               :      180.0 MB
Sum of memory allocated on all processes          :     5184.0 MB
Physical memory available                         :         16 GB

Total amount of I/O written to disk               :        0.0 GB
Total amount of I/O read from disk                :        0.0 GB

+------------------ E N D   M A P D L   S T A T I S T I C S -------------------+


 *---------------------------------------------------------------------------*
 |                                                                           |
 |                               RUN COMPLETED                               |
 |                                                                           |
 |---------------------------------------------------------------------------|
 |                                                                           |
 |  Ansys MAPDL 2022 R2         Build 22.2         UP20220516    WINDOWS x64 |
 |                                                                           |
 |---------------------------------------------------------------------------|
 |                                                                           |
 | Database Requested(-db)  1024 MB    Scratch Memory Requested      1024 MB |
 | Maximum Database Used       4 MB    Maximum Scratch Memory Used     44 MB |
 |                                                                           |
 |---------------------------------------------------------------------------|
 |                                                                           |
 |        CP Time      (sec) =          2.266       Time  =  18:22:50        |
 |        Elapsed Time (sec) =          4.000       Date  =  09/24/2022      |
 |                                                                           |
 *---------------------------------------------------------------------------*
